<?xml version="1.0" encoding="UTF-8"?>
<testsuite name="com.gildedrose.GildedRoseTest" tests="5" skipped="0" failures="0" errors="0" timestamp="2022-10-10T20:00:30" hostname="Yahyas-MacBook-Pro.local" time="0.024">
  <properties/>
  <testcase name="Quality Decrementation Test" classname="com.gildedrose.GildedRoseTest" time="0.014"/>
  <testcase name="Test that the name is unchanged" classname="com.gildedrose.GildedRoseTest" time="0.0"/>
  <testcase name="SellIn Decrementation Test" classname="com.gildedrose.GildedRoseTest" time="0.0"/>
  <testcase name="Quality Incrementation Test" classname="com.gildedrose.GildedRoseTest" time="0.0"/>
  <testcase name="toString Test" classname="com.gildedrose.GildedRoseTest" time="0.006"/>
  <system-out><![CDATA[]]></system-out>
  <system-err><![CDATA[]]></system-err>
</testsuite>
